This is pdfTeX, Version 3.141592653-2.6-1.40.25 (TeX Live 2023/Debian) (preloaded format=pdflatex 2026.3.12)  20 MAR 2026 13:46
entering extended mode
 restricted \write18 enabled.
 %&-line parsing enabled.
**main.tex
(./main.tex
LaTeX2e <2023-11-01> patch level 1
L3 programming layer <2024-01-22>
(/usr/share/texlive/texmf-dist/tex/latex/base/article.cls
Document Class: article 2023/05/17 v1.4n Standard LaTeX document class
(/usr/share/texlive/texmf-dist/tex/latex/base/size10.clo
File: size10.clo 2023/05/17 v1.4n Standard LaTeX file (size option)
)
\c@part=\count187
\c@section=\count188
\c@subsection=\count189
\c@subsubsection=\count190
\c@paragraph=\count191
\c@subparagraph=\count192
\c@figure=\count193
\c@table=\count194
\abovecaptionskip=\skip48
\belowcaptionskip=\skip49
\bibindent=\dimen140
)
(/usr/share/texlive/texmf-dist/tex/latex/graphics/graphicx.sty
Package: graphicx 2021/09/16 v1.2d Enhanced LaTeX Graphics (DPC,SPQR)

(/usr/share/texlive/texmf-dist/tex/latex/graphics/keyval.sty
Package: keyval 2022/05/29 v1.15 key=value parser (DPC)
\KV@toks@=\toks17
)
(/usr/share/texlive/texmf-dist/tex/latex/graphics/graphics.sty
Package: graphics 2022/03/10 v1.4e Standard LaTeX Graphics (DPC,SPQR)

(/usr/share/texlive/texmf-dist/tex/latex/graphics/trig.sty
Package: trig 2021/08/11 v1.11 sin cos tan (DPC)
)
(/usr/share/texlive/texmf-dist/tex/latex/graphics-cfg/graphics.cfg
File: graphics.cfg 2016/06/04 v1.11 sample graphics configuration
)
Package graphics Info: Driver file: pdftex.def on input line 107.

(/usr/share/texlive/texmf-dist/tex/latex/graphics-def/pdftex.def
File: pdftex.def 2022/09/22 v1.2b Graphics/color driver for pdftex
))
\Gin@req@height=\dimen141
\Gin@req@width=\dimen142
)
(/usr/share/texlive/texmf-dist/tex/latex/amsmath/amsmath.sty
Package: amsmath 2023/05/13 v2.17o AMS math features
\@mathmargin=\skip50

For additional information on amsmath, use the `?' option.
(/usr/share/texlive/texmf-dist/tex/latex/amsmath/amstext.sty
Package: amstext 2021/08/26 v2.01 AMS text

(/usr/share/texlive/texmf-dist/tex/latex/amsmath/amsgen.sty
File: amsgen.sty 1999/11/30 v2.0 generic functions
\@emptytoks=\toks18
\ex@=\dimen143
))
(/usr/share/texlive/texmf-dist/tex/latex/amsmath/amsbsy.sty
Package: amsbsy 1999/11/29 v1.2d Bold Symbols
\pmbraise@=\dimen144
)
(/usr/share/texlive/texmf-dist/tex/latex/amsmath/amsopn.sty
Package: amsopn 2022/04/08 v2.04 operator names
)
\inf@bad=\count195
LaTeX Info: Redefining \frac on input line 234.
\uproot@=\count196
\leftroot@=\count197
LaTeX Info: Redefining \overline on input line 399.
LaTeX Info: Redefining \colon on input line 410.
\classnum@=\count198
\DOTSCASE@=\count199
LaTeX Info: Redefining \ldots on input line 496.
LaTeX Info: Redefining \dots on input line 499.
LaTeX Info: Redefining \cdots on input line 620.
\Mathstrutbox@=\box51
\strutbox@=\box52
LaTeX Info: Redefining \big on input line 722.
LaTeX Info: Redefining \Big on input line 723.
LaTeX Info: Redefining \bigg on input line 724.
LaTeX Info: Redefining \Bigg on input line 725.
\big@size=\dimen145
LaTeX Font Info:    Redeclaring font encoding OML on input line 743.
LaTeX Font Info:    Redeclaring font encoding OMS on input line 744.
\macc@depth=\count266
LaTeX Info: Redefining \bmod on input line 905.
LaTeX Info: Redefining \pmod on input line 910.
LaTeX Info: Redefining \smash on input line 940.
LaTeX Info: Redefining \relbar on input line 970.
LaTeX Info: Redefining \Relbar on input line 971.
\c@MaxMatrixCols=\count267
\dotsspace@=\muskip16
\c@parentequation=\count268
\dspbrk@lvl=\count269
\tag@help=\toks19
\row@=\count270
\column@=\count271
\maxfields@=\count272
\andhelp@=\toks20
\eqnshift@=\dimen146
\alignsep@=\dimen147
\tagshift@=\dimen148
\tagwidth@=\dimen149
\totwidth@=\dimen150
\lineht@=\dimen151
\@envbody=\toks21
\multlinegap=\skip51
\multlinetaggap=\skip52
\mathdisplay@stack=\toks22
LaTeX Info: Redefining \[ on input line 2953.
LaTeX Info: Redefining \] on input line 2954.
)
(/usr/share/texlive/texmf-dist/tex/latex/natbib/natbib.sty
Package: natbib 2010/09/13 8.31b (PWD, AO)
\bibhang=\skip53
\bibsep=\skip54
LaTeX Info: Redefining \cite on input line 694.
\c@NAT@ctr=\count273
)
(/usr/share/texlive/texmf-dist/tex/latex/multibib/multibib.sty
Package: multibib 2008/12/10 v1.4 Multiple bibliographies for one document.
\mb@biblabelwidth=\count274
)
\@auxoutspec=\write3
 (./spec.aux)
\openout3 = `spec.aux'.


(/usr/share/texlive/texmf-dist/tex/latex/wrapfig/wrapfig.sty
\wrapoverhang=\dimen152
\WF@size=\dimen153
\c@WF@wrappedlines=\count275
\WF@box=\box53
\WF@everypar=\toks23
Package: wrapfig 2003/01/31  v 3.6
)
(/usr/share/texlive/texmf-dist/tex/latex/subfigure/subfigure.sty
Package: subfigure 2002/03/15 v2.1.5 subfigure package
\subfigtopskip=\skip55
\subfigcapskip=\skip56
\subfigcaptopadj=\dimen154
\subfigbottomskip=\skip57
\subfigcapmargin=\dimen155
\subfiglabelskip=\skip58
\c@subfigure=\count276
\c@lofdepth=\count277
\c@subtable=\count278
\c@lotdepth=\count279

****************************************
* Local config file subfigure.cfg used *
****************************************
(/usr/share/texlive/texmf-dist/tex/latex/subfigure/subfigure.cfg)
\subfig@top=\skip59
\subfig@bottom=\skip60
)
(/usr/share/texlive/texmf-dist/tex/latex/tools/verbatim.sty
Package: verbatim 2023-11-06 v1.5v LaTeX2e package for verbatim enhancements
\every@verbatim=\toks24
\verbatim@line=\toks25
\verbatim@in@stream=\read2
)
(/usr/share/texlive/texmf-dist/tex/latex/pgf/frontendlayer/tikz.sty
(/usr/share/texlive/texmf-dist/tex/latex/pgf/basiclayer/pgf.sty
(/usr/share/texlive/texmf-dist/tex/latex/pgf/utilities/pgfrcs.sty
(/usr/share/texlive/texmf-dist/tex/generic/pgf/utilities/pgfutil-common.tex
\pgfutil@everybye=\toks26
\pgfutil@tempdima=\dimen156
\pgfutil@tempdimb=\dimen157
)
(/usr/share/texlive/texmf-dist/tex/generic/pgf/utilities/pgfutil-latex.def
\pgfutil@abb=\box54
)
(/usr/share/texlive/texmf-dist/tex/generic/pgf/utilities/pgfrcs.code.tex
(/usr/share/texlive/texmf-dist/tex/generic/pgf/pgf.revision.tex)
Package: pgfrcs 2023-01-15 v3.1.10 (3.1.10)
))
Package: pgf 2023-01-15 v3.1.10 (3.1.10)

(/usr/share/texlive/texmf-dist/tex/latex/pgf/basiclayer/pgfcore.sty
(/usr/share/texlive/texmf-dist/tex/latex/pgf/systemlayer/pgfsys.sty
(/usr/share/texlive/texmf-dist/tex/generic/pgf/systemlayer/pgfsys.code.tex
Package: pgfsys 2023-01-15 v3.1.10 (3.1.10)

(/usr/share/texlive/texmf-dist/tex/generic/pgf/utilities/pgfkeys.code.tex
\pgfkeys@pathtoks=\toks27
\pgfkeys@temptoks=\toks28

(/usr/share/texlive/texmf-dist/tex/generic/pgf/utilities/pgfkeyslibraryfiltered
.code.tex
\pgfkeys@tmptoks=\toks29
))
\pgf@x=\dimen158
\pgf@y=\dimen159
\pgf@xa=\dimen160
\pgf@ya=\dimen161
\pgf@xb=\dimen162
\pgf@yb=\dimen163
\pgf@xc=\dimen164
\pgf@yc=\dimen165
\pgf@xd=\dimen166
\pgf@yd=\dimen167
\w@pgf@writea=\write4
\r@pgf@reada=\read3
\c@pgf@counta=\count280
\c@pgf@countb=\count281
\c@pgf@countc=\count282
\c@pgf@countd=\count283
\t@pgf@toka=\toks30
\t@pgf@tokb=\toks31
\t@pgf@tokc=\toks32
\pgf@sys@id@count=\count284
 (/usr/share/texlive/texmf-dist/tex/generic/pgf/systemlayer/pgf.cfg
File: pgf.cfg 2023-01-15 v3.1.10 (3.1.10)
)
Driver file for pgf: pgfsys-pdftex.def
(/usr/share/texlive/texmf-dist/tex/generic/pgf/systemlayer/pgfsys-pdftex.def
File: pgfsys-pdftex.def 2023-01-15 v3.1.10 (3.1.10)

(/usr/share/texlive/texmf-dist/tex/generic/pgf/systemlayer/pgfsys-common-pdf.de
f
File: pgfsys-common-pdf.def 2023-01-15 v3.1.10 (3.1.10)
)))
(/usr/share/texlive/texmf-dist/tex/generic/pgf/systemlayer/pgfsyssoftpath.code.
tex
File: pgfsyssoftpath.code.tex 2023-01-15 v3.1.10 (3.1.10)
\pgfsyssoftpath@smallbuffer@items=\count285
\pgfsyssoftpath@bigbuffer@items=\count286
)
(/usr/share/texlive/texmf-dist/tex/generic/pgf/systemlayer/pgfsysprotocol.code.
tex
File: pgfsysprotocol.code.tex 2023-01-15 v3.1.10 (3.1.10)
)) (/usr/share/texlive/texmf-dist/tex/latex/xcolor/xcolor.sty
Package: xcolor 2023/11/15 v3.01 LaTeX color extensions (UK)

(/usr/share/texlive/texmf-dist/tex/latex/graphics-cfg/color.cfg
File: color.cfg 2016/01/02 v1.6 sample color configuration
)
Package xcolor Info: Driver file: pdftex.def on input line 274.

(/usr/share/texlive/texmf-dist/tex/latex/graphics/mathcolor.ltx)
Package xcolor Info: Model `cmy' substituted by `cmy0' on input line 1350.
Package xcolor Info: Model `hsb' substituted by `rgb' on input line 1354.
Package xcolor Info: Model `RGB' extended on input line 1366.
Package xcolor Info: Model `HTML' substituted by `rgb' on input line 1368.
Package xcolor Info: Model `Hsb' substituted by `hsb' on input line 1369.
Package xcolor Info: Model `tHsb' substituted by `hsb' on input line 1370.
Package xcolor Info: Model `HSB' substituted by `hsb' on input line 1371.
Package xcolor Info: Model `Gray' substituted by `gray' on input line 1372.
Package xcolor Info: Model `wave' substituted by `hsb' on input line 1373.
)
(/usr/share/texlive/texmf-dist/tex/generic/pgf/basiclayer/pgfcore.code.tex
Package: pgfcore 2023-01-15 v3.1.10 (3.1.10)

(/usr/share/texlive/texmf-dist/tex/generic/pgf/math/pgfmath.code.tex
(/usr/share/texlive/texmf-dist/tex/generic/pgf/math/pgfmathutil.code.tex)
(/usr/share/texlive/texmf-dist/tex/generic/pgf/math/pgfmathparser.code.tex
\pgfmath@dimen=\dimen168
\pgfmath@count=\count287
\pgfmath@box=\box55
\pgfmath@toks=\toks33
\pgfmath@stack@operand=\toks34
\pgfmath@stack@operation=\toks35
)
(/usr/share/texlive/texmf-dist/tex/generic/pgf/math/pgfmathfunctions.code.tex)
(/usr/share/texlive/texmf-dist/tex/generic/pgf/math/pgfmathfunctions.basic.code
.tex)
(/usr/share/texlive/texmf-dist/tex/generic/pgf/math/pgfmathfunctions.trigonomet
ric.code.tex)
(/usr/share/texlive/texmf-dist/tex/generic/pgf/math/pgfmathfunctions.random.cod
e.tex)
(/usr/share/texlive/texmf-dist/tex/generic/pgf/math/pgfmathfunctions.comparison
.code.tex)
(/usr/share/texlive/texmf-dist/tex/generic/pgf/math/pgfmathfunctions.base.code.
tex)
(/usr/share/texlive/texmf-dist/tex/generic/pgf/math/pgfmathfunctions.round.code
.tex)
(/usr/share/texlive/texmf-dist/tex/generic/pgf/math/pgfmathfunctions.misc.code.
tex)
(/usr/share/texlive/texmf-dist/tex/generic/pgf/math/pgfmathfunctions.integerari
thmetics.code.tex)
(/usr/share/texlive/texmf-dist/tex/generic/pgf/math/pgfmathcalc.code.tex)
(/usr/share/texlive/texmf-dist/tex/generic/pgf/math/pgfmathfloat.code.tex
\c@pgfmathroundto@lastzeros=\count288
))
(/usr/share/texlive/texmf-dist/tex/generic/pgf/math/pgfint.code.tex)
(/usr/share/texlive/texmf-dist/tex/generic/pgf/basiclayer/pgfcorepoints.code.te
x
File: pgfcorepoints.code.tex 2023-01-15 v3.1.10 (3.1.10)
\pgf@picminx=\dimen169
\pgf@picmaxx=\dimen170
\pgf@picminy=\dimen171
\pgf@picmaxy=\dimen172
\pgf@pathminx=\dimen173
\pgf@pathmaxx=\dimen174
\pgf@pathminy=\dimen175
\pgf@pathmaxy=\dimen176
\pgf@xx=\dimen177
\pgf@xy=\dimen178
\pgf@yx=\dimen179
\pgf@yy=\dimen180
\pgf@zx=\dimen181
\pgf@zy=\dimen182
)
(/usr/share/texlive/texmf-dist/tex/generic/pgf/basiclayer/pgfcorepathconstruct.
code.tex
File: pgfcorepathconstruct.code.tex 2023-01-15 v3.1.10 (3.1.10)
\pgf@path@lastx=\dimen183
\pgf@path@lasty=\dimen184
)
(/usr/share/texlive/texmf-dist/tex/generic/pgf/basiclayer/pgfcorepathusage.code
.tex
File: pgfcorepathusage.code.tex 2023-01-15 v3.1.10 (3.1.10)
\pgf@shorten@end@additional=\dimen185
\pgf@shorten@start@additional=\dimen186
)
(/usr/share/texlive/texmf-dist/tex/generic/pgf/basiclayer/pgfcorescopes.code.te
x
File: pgfcorescopes.code.tex 2023-01-15 v3.1.10 (3.1.10)
\pgfpic=\box56
\pgf@hbox=\box57
\pgf@layerbox@main=\box58
\pgf@picture@serial@count=\count289
)
(/usr/share/texlive/texmf-dist/tex/generic/pgf/basiclayer/pgfcoregraphicstate.c
ode.tex
File: pgfcoregraphicstate.code.tex 2023-01-15 v3.1.10 (3.1.10)
\pgflinewidth=\dimen187
)
(/usr/share/texlive/texmf-dist/tex/generic/pgf/basiclayer/pgfcoretransformation
s.code.tex
File: pgfcoretransformations.code.tex 2023-01-15 v3.1.10 (3.1.10)
\pgf@pt@x=\dimen188
\pgf@pt@y=\dimen189
\pgf@pt@temp=\dimen190
)
(/usr/share/texlive/texmf-dist/tex/generic/pgf/basiclayer/pgfcorequick.code.tex
File: pgfcorequick.code.tex 2023-01-15 v3.1.10 (3.1.10)
)
(/usr/share/texlive/texmf-dist/tex/generic/pgf/basiclayer/pgfcoreobjects.code.t
ex
File: pgfcoreobjects.code.tex 2023-01-15 v3.1.10 (3.1.10)
)
(/usr/share/texlive/texmf-dist/tex/generic/pgf/basiclayer/pgfcorepathprocessing
.code.tex
File: pgfcorepathprocessing.code.tex 2023-01-15 v3.1.10 (3.1.10)
)
(/usr/share/texlive/texmf-dist/tex/generic/pgf/basiclayer/pgfcorearrows.code.te
x
File: pgfcorearrows.code.tex 2023-01-15 v3.1.10 (3.1.10)
\pgfarrowsep=\dimen191
)
(/usr/share/texlive/texmf-dist/tex/generic/pgf/basiclayer/pgfcoreshade.code.tex
File: pgfcoreshade.code.tex 2023-01-15 v3.1.10 (3.1.10)
\pgf@max=\dimen192
\pgf@sys@shading@range@num=\count290
\pgf@shadingcount=\count291
)
(/usr/share/texlive/texmf-dist/tex/generic/pgf/basiclayer/pgfcoreimage.code.tex
File: pgfcoreimage.code.tex 2023-01-15 v3.1.10 (3.1.10)
)
(/usr/share/texlive/texmf-dist/tex/generic/pgf/basiclayer/pgfcoreexternal.code.
tex
File: pgfcoreexternal.code.tex 2023-01-15 v3.1.10 (3.1.10)
\pgfexternal@startupbox=\box59
)
(/usr/share/texlive/texmf-dist/tex/generic/pgf/basiclayer/pgfcorelayers.code.te
x
File: pgfcorelayers.code.tex 2023-01-15 v3.1.10 (3.1.10)
)
(/usr/share/texlive/texmf-dist/tex/generic/pgf/basiclayer/pgfcoretransparency.c
ode.tex
File: pgfcoretransparency.code.tex 2023-01-15 v3.1.10 (3.1.10)
)
(/usr/share/texlive/texmf-dist/tex/generic/pgf/basiclayer/pgfcorepatterns.code.
tex
File: pgfcorepatterns.code.tex 2023-01-15 v3.1.10 (3.1.10)
)
(/usr/share/texlive/texmf-dist/tex/generic/pgf/basiclayer/pgfcorerdf.code.tex
File: pgfcorerdf.code.tex 2023-01-15 v3.1.10 (3.1.10)
)))
(/usr/share/texlive/texmf-dist/tex/generic/pgf/modules/pgfmoduleshapes.code.tex
File: pgfmoduleshapes.code.tex 2023-01-15 v3.1.10 (3.1.10)
\pgfnodeparttextbox=\box60
) (/usr/share/texlive/texmf-dist/tex/generic/pgf/modules/pgfmoduleplot.code.tex
File: pgfmoduleplot.code.tex 2023-01-15 v3.1.10 (3.1.10)
)
(/usr/share/texlive/texmf-dist/tex/latex/pgf/compatibility/pgfcomp-version-0-65
.sty
Package: pgfcomp-version-0-65 2023-01-15 v3.1.10 (3.1.10)
\pgf@nodesepstart=\dimen193
\pgf@nodesepend=\dimen194
)
(/usr/share/texlive/texmf-dist/tex/latex/pgf/compatibility/pgfcomp-version-1-18
.sty
Package: pgfcomp-version-1-18 2023-01-15 v3.1.10 (3.1.10)
)) (/usr/share/texlive/texmf-dist/tex/latex/pgf/utilities/pgffor.sty
(/usr/share/texlive/texmf-dist/tex/latex/pgf/utilities/pgfkeys.sty
(/usr/share/texlive/texmf-dist/tex/generic/pgf/utilities/pgfkeys.code.tex))
(/usr/share/texlive/texmf-dist/tex/latex/pgf/math/pgfmath.sty
(/usr/share/texlive/texmf-dist/tex/generic/pgf/math/pgfmath.code.tex))
(/usr/share/texlive/texmf-dist/tex/generic/pgf/utilities/pgffor.code.tex
Package: pgffor 2023-01-15 v3.1.10 (3.1.10)
\pgffor@iter=\dimen195
\pgffor@skip=\dimen196
\pgffor@stack=\toks36
\pgffor@toks=\toks37
))
(/usr/share/texlive/texmf-dist/tex/generic/pgf/frontendlayer/tikz/tikz.code.tex
Package: tikz 2023-01-15 v3.1.10 (3.1.10)

(/usr/share/texlive/texmf-dist/tex/generic/pgf/libraries/pgflibraryplothandlers
.code.tex
File: pgflibraryplothandlers.code.tex 2023-01-15 v3.1.10 (3.1.10)
\pgf@plot@mark@count=\count292
\pgfplotmarksize=\dimen197
)
\tikz@lastx=\dimen198
\tikz@lasty=\dimen199
\tikz@lastxsaved=\dimen256
\tikz@lastysaved=\dimen257
\tikz@lastmovetox=\dimen258
\tikz@lastmovetoy=\dimen259
\tikzleveldistance=\dimen260
\tikzsiblingdistance=\dimen261
\tikz@figbox=\box61
\tikz@figbox@bg=\box62
\tikz@tempbox=\box63
\tikz@tempbox@bg=\box64
\tikztreelevel=\count293
\tikznumberofchildren=\count294
\tikznumberofcurrentchild=\count295
\tikz@fig@count=\count296

(/usr/share/texlive/texmf-dist/tex/generic/pgf/modules/pgfmodulematrix.code.tex
File: pgfmodulematrix.code.tex 2023-01-15 v3.1.10 (3.1.10)
\pgfmatrixcurrentrow=\count297
\pgfmatrixcurrentcolumn=\count298
\pgf@matrix@numberofcolumns=\count299
)
\tikz@expandcount=\count300

(/usr/share/texlive/texmf-dist/tex/generic/pgf/frontendlayer/tikz/libraries/tik
zlibrarytopaths.code.tex
File: tikzlibrarytopaths.code.tex 2023-01-15 v3.1.10 (3.1.10)
)))
(/usr/share/texlive/texmf-dist/tex/generic/pgf/frontendlayer/tikz/libraries/tik
zlibraryshapes.geometric.code.tex
File: tikzlibraryshapes.geometric.code.tex 2023-01-15 v3.1.10 (3.1.10)

(/usr/share/texlive/texmf-dist/tex/generic/pgf/libraries/shapes/pgflibraryshape
s.geometric.code.tex
File: pgflibraryshapes.geometric.code.tex 2023-01-15 v3.1.10 (3.1.10)
))
(/usr/share/texlive/texmf-dist/tex/generic/pgf/frontendlayer/tikz/libraries/tik
zlibraryshapes.arrows.code.tex
File: tikzlibraryshapes.arrows.code.tex 2023-01-15 v3.1.10 (3.1.10)

(/usr/share/texlive/texmf-dist/tex/generic/pgf/libraries/shapes/pgflibraryshape
s.arrows.code.tex
File: pgflibraryshapes.arrows.code.tex 2023-01-15 v3.1.10 (3.1.10)
))
(/usr/share/texlive/texmf-dist/tex/generic/pgf/frontendlayer/tikz/libraries/tik
zlibrarypositioning.code.tex
File: tikzlibrarypositioning.code.tex 2023-01-15 v3.1.10 (3.1.10)
)
(/usr/share/texlive/texmf-dist/tex/generic/pgf/frontendlayer/tikz/libraries/tik
zlibraryfit.code.tex
File: tikzlibraryfit.code.tex 2023-01-15 v3.1.10 (3.1.10)
)
(/usr/share/texlive/texmf-dist/tex/generic/pgf/frontendlayer/tikz/libraries/tik
zlibrarybackgrounds.code.tex
File: tikzlibrarybackgrounds.code.tex 2023-01-15 v3.1.10 (3.1.10)
\pgf@layerbox@background=\box65
\pgf@layerboxsaved@background=\box66
)
(/usr/share/texlive/texmf-dist/tex/generic/pgf/libraries/pgflibraryarrows.meta.
code.tex
File: pgflibraryarrows.meta.code.tex 2023-01-15 v3.1.10 (3.1.10)
\pgfarrowinset=\dimen262
\pgfarrowlength=\dimen263
\pgfarrowwidth=\dimen264
\pgfarrowlinewidth=\dimen265
)
(/usr/share/texlive/texmf-dist/tex/generic/pgf/frontendlayer/tikz/libraries/tik
zlibrarycalc.code.tex
File: tikzlibrarycalc.code.tex 2023-01-15 v3.1.10 (3.1.10)
) (/usr/share/texlive/texmf-dist/tex/latex/float/float.sty
Package: float 2001/11/08 v1.3d Float enhancements (AL)
\c@float@type=\count301
\float@exts=\toks38
\float@box=\box67
\@float@everytoks=\toks39
\@floatcapt=\box68
) (/usr/share/texlive/texmf-dist/tex/latex/url/url.sty
\Urlmuskip=\muskip17
Package: url 2013/09/16  ver 3.4  Verb mode for urls, etc.
)
(/usr/share/texlive/texmf-dist/tex/latex/listings/listings.sty
\lst@mode=\count302
\lst@gtempboxa=\box69
\lst@token=\toks40
\lst@length=\count303
\lst@currlwidth=\dimen266
\lst@column=\count304
\lst@pos=\count305
\lst@lostspace=\dimen267
\lst@width=\dimen268
\lst@newlines=\count306
\lst@lineno=\count307
\lst@maxwidth=\dimen269

(/usr/share/texlive/texmf-dist/tex/latex/listings/lstmisc.sty
File: lstmisc.sty 2023/02/27 1.9 (Carsten Heinz)
\c@lstnumber=\count308
\lst@skipnumbers=\count309
\lst@framebox=\box70
)
(/usr/share/texlive/texmf-dist/tex/latex/listings/listings.cfg
File: listings.cfg 2023/02/27 1.9 listings configuration
))
Package: listings 2023/02/27 1.9 (Carsten Heinz)

(/usr/share/texlive/texmf-dist/tex/latex/geometry/geometry.sty
Package: geometry 2020/01/02 v5.9 Page Geometry

(/usr/share/texlive/texmf-dist/tex/generic/iftex/ifvtex.sty
Package: ifvtex 2019/10/25 v1.7 ifvtex legacy package. Use iftex instead.

(/usr/share/texlive/texmf-dist/tex/generic/iftex/iftex.sty
Package: iftex 2022/02/03 v1.0f TeX engine tests
))
\Gm@cnth=\count310
\Gm@cntv=\count311
\c@Gm@tempcnt=\count312
\Gm@bindingoffset=\dimen270
\Gm@wd@mp=\dimen271
\Gm@odd@mp=\dimen272
\Gm@even@mp=\dimen273
\Gm@layoutwidth=\dimen274
\Gm@layoutheight=\dimen275
\Gm@layouthoffset=\dimen276
\Gm@layoutvoffset=\dimen277
\Gm@dimlist=\toks41
)
(/usr/share/texlive/texmf-dist/tex/latex/l3backend/l3backend-pdftex.def
File: l3backend-pdftex.def 2024-01-04 L3 backend support: PDF output (pdfTeX)
\l__color_backend_stack_int=\count313
\l__pdf_internal_box=\box71
)
(./main.aux)
\openout1 = `main.aux'.

LaTeX Font Info:    Checking defaults for OML/cmm/m/it on input line 44.
LaTeX Font Info:    ... okay on input line 44.
LaTeX Font Info:    Checking defaults for OMS/cmsy/m/n on input line 44.
LaTeX Font Info:    ... okay on input line 44.
LaTeX Font Info:    Checking defaults for OT1/cmr/m/n on input line 44.
LaTeX Font Info:    ... okay on input line 44.
LaTeX Font Info:    Checking defaults for T1/cmr/m/n on input line 44.
LaTeX Font Info:    ... okay on input line 44.
LaTeX Font Info:    Checking defaults for TS1/cmr/m/n on input line 44.
LaTeX Font Info:    ... okay on input line 44.
LaTeX Font Info:    Checking defaults for OMX/cmex/m/n on input line 44.
LaTeX Font Info:    ... okay on input line 44.
LaTeX Font Info:    Checking defaults for U/cmr/m/n on input line 44.
LaTeX Font Info:    ... okay on input line 44.
 (/usr/share/texlive/texmf-dist/tex/context/base/mkii/supp-pdf.mkii
[Loading MPS to PDF converter (version 2006.09.02).]
\scratchcounter=\count314
\scratchdimen=\dimen278
\scratchbox=\box72
\nofMPsegments=\count315
\nofMParguments=\count316
\everyMPshowfont=\toks42
\MPscratchCnt=\count317
\MPscratchDim=\dimen279
\MPnumerator=\count318
\makeMPintoPDFobject=\count319
\everyMPtoPDFconversion=\toks43
) (/usr/share/texlive/texmf-dist/tex/latex/epstopdf-pkg/epstopdf-base.sty
Package: epstopdf-base 2020-01-24 v2.11 Base part for package epstopdf
Package epstopdf-base Info: Redefining graphics rule for `.eps' on input line 4
85.

(/usr/share/texlive/texmf-dist/tex/latex/latexconfig/epstopdf-sys.cfg
File: epstopdf-sys.cfg 2010/07/13 v1.3 Configuration of (r)epstopdf for TeX Liv
e
))
\c@lstlisting=\count320

*geometry* driver: auto-detecting
*geometry* detected driver: pdftex
*geometry* verbose mode - [ preamble ] result:
* driver: pdftex
* paper: a4paper
* layout: <same size as paper>
* layoutoffset:(h,v)=(0.0pt,0.0pt)
* modes: 
* h-part:(L,W,R)=(45.80893pt, 505.89pt, 45.80894pt)
* v-part:(T,H,B)=(48.93872pt, 722.7pt, 73.40813pt)
* \paperwidth=597.50787pt
* \paperheight=845.04684pt
* \textwidth=505.89pt
* \textheight=722.7pt
* \oddsidemargin=-26.46106pt
* \evensidemargin=-26.46106pt
* \topmargin=-60.33127pt
* \headheight=12.0pt
* \headsep=25.0pt
* \topskip=10.0pt
* \footskip=30.0pt
* \marginparwidth=65.0pt
* \marginparsep=11.0pt
* \columnsep=10.0pt
* \skip\footins=9.0pt plus 4.0pt minus 2.0pt
* \hoffset=0.0pt
* \voffset=0.0pt
* \mag=1000
* \@twocolumnfalse
* \@twosidefalse
* \@mparswitchfalse
* \@reversemarginfalse
* (1in=72.27pt=25.4mm, 1cm=28.453pt)


Underfull \hbox (badness 10000) in paragraph at lines 61--62

 []

[1

{/var/lib/texmf/fonts/map/pdftex/updmap/pdftex.map}]
Underfull \hbox (badness 10000) in paragraph at lines 76--77

 []


Underfull \hbox (badness 10000) in paragraph at lines 78--79

 []


Underfull \hbox (badness 10000) in paragraph at lines 82--83

 []

[2{/usr/share/texmf/fonts/enc/dvips/cm-super/cm-super-ts1.enc}]
Underfull \hbox (badness 10000) in paragraph at lines 103--104

 []


Underfull \hbox (badness 10000) in paragraph at lines 105--106

 []

<research_images/cnn_explanation.png, id=18, 1259.70625pt x 425.59pt>
File: research_images/cnn_explanation.png Graphic file (type png)
<use research_images/cnn_explanation.png>
Package pdftex.def Info: research_images/cnn_explanation.png  used on input lin
e 109.
(pdftex.def)             Requested size: 505.89pt x 170.91484pt.

Underfull \hbox (badness 10000) in paragraph at lines 114--115

 []

[3 <./research_images/cnn_explanation.png>]
<driving_images/poly_drive.png, id=24, 1922.18124pt x 1082.0425pt>
File: driving_images/poly_drive.png Graphic file (type png)
<use driving_images/poly_drive.png>
Package pdftex.def Info: driving_images/poly_drive.png  used on input line 147.

(pdftex.def)             Requested size: 166.43515pt x 93.68124pt.
<driving_images/ufld_drive.png, id=25, 2428.07124pt x 1366.10374pt>
File: driving_images/ufld_drive.png Graphic file (type png)
<use driving_images/ufld_drive.png>
Package pdftex.def Info: driving_images/ufld_drive.png  used on input line 148.

(pdftex.def)             Requested size: 166.43515pt x 93.63591pt.
<driving_images/laneatt_drive.png, id=26, 1927.2pt x 1083.04625pt>
File: driving_images/laneatt_drive.png Graphic file (type png)
<use driving_images/laneatt_drive.png>
Package pdftex.def Info: driving_images/laneatt_drive.png  used on input line 1
49.
(pdftex.def)             Requested size: 166.43515pt x 93.52025pt.

Underfull \hbox (badness 10000) in paragraph at lines 156--157

 []


Underfull \hbox (badness 10000) in paragraph at lines 158--159

 []

<research_images/kalman_vis.png, id=27, 1284.8pt x 722.7pt>
File: research_images/kalman_vis.png Graphic file (type png)
<use research_images/kalman_vis.png>
Package pdftex.def Info: research_images/kalman_vis.png  used on input line 164
.
(pdftex.def)             Requested size: 379.4175pt x 213.41519pt.
[4 <./driving_images/poly_drive.png> <./driving_images/ufld_drive.png> <./drivi
ng_images/laneatt_drive.png>]
<research_images/pnp.png, id=36, 602.25pt x 421.575pt>
File: research_images/pnp.png Graphic file (type png)
<use research_images/pnp.png>
Package pdftex.def Info: research_images/pnp.png  used on input line 175.
(pdftex.def)             Requested size: 252.94499pt x 177.06029pt.

Underfull \hbox (badness 10000) in paragraph at lines 180--181

 []


Underfull \hbox (badness 10000) in paragraph at lines 194--195

 []

[5 <./research_images/kalman_vis.png> <./research_images/pnp.png>]
<research_images/pycuvslam_example.png, id=44, 719.68875pt x 770.88pt>
File: research_images/pycuvslam_example.png Graphic file (type png)
<use research_images/pycuvslam_example.png>
Package pdftex.def Info: research_images/pycuvslam_example.png  used on input l
ine 198.
(pdftex.def)             Requested size: 379.4175pt x 406.4119pt.

Underfull \hbox (badness 10000) in paragraph at lines 203--204

 []

<research_images/optical_flow_ex.png, id=45, 1445.4pt x 657.2053pt>
File: research_images/optical_flow_ex.png Graphic file (type png)
<use research_images/optical_flow_ex.png>
Package pdftex.def Info: research_images/optical_flow_ex.png  used on input lin
e 207.
(pdftex.def)             Requested size: 379.4175pt x 172.51396pt.
[6 <./research_images/pycuvslam_example.png (PNG copy)>]
Underfull \hbox (badness 10000) in paragraph at lines 212--213

 []

[7 <./research_images/optical_flow_ex.png (PNG copy)>]
Underfull \hbox (badness 10000) in paragraph at lines 227--228

 []

<project_management_images/folder_structure.png, id=53, 196.48407pt x 368.87813
pt>
File: project_management_images/folder_structure.png Graphic file (type png)
<use project_management_images/folder_structure.png>
Package pdftex.def Info: project_management_images/folder_structure.png  used o
n input line 233.
(pdftex.def)             Requested size: 151.76854pt x 284.94885pt.

Underfull \hbox (badness 10000) in paragraph at lines 239--240

 []


Underfull \hbox (badness 10000) in paragraph at lines 242--243

 []


Underfull \hbox (badness 10000) in paragraph at lines 244--245

 []

[8 <./project_management_images/folder_structure.png (PNG copy)>]
Underfull \hbox (badness 10000) in paragraph at lines 246--247

 []


Underfull \hbox (badness 10000) in paragraph at lines 248--249

 []


Underfull \hbox (badness 10000) in paragraph at lines 250--251

 []

(/usr/share/texlive/texmf-dist/tex/latex/listings/lstlang1.sty
File: lstlang1.sty 2023/02/27 1.9 listings language file
)
LaTeX Font Info:    Font shape `OT1/cmtt/bx/n' in size <9> not available
(Font)              Font shape `OT1/cmtt/m/n' tried instead on input line 257.
<driving_images/car_obstruction_marsland.png, id=58, 641.39626pt x 363.3575pt>
File: driving_images/car_obstruction_marsland.png Graphic file (type png)
<use driving_images/car_obstruction_marsland.png>
Package pdftex.def Info: driving_images/car_obstruction_marsland.png  used on i
nput line 299.
(pdftex.def)             Requested size: 227.64894pt x 128.96231pt.
<driving_images/car_obstruction_2.png, id=59, 641.39626pt x 363.3575pt>
File: driving_images/car_obstruction_2.png Graphic file (type png)
<use driving_images/car_obstruction_2.png>
Package pdftex.def Info: driving_images/car_obstruction_2.png  used on input li
ne 300.
(pdftex.def)             Requested size: 227.64894pt x 128.96231pt.
 [9]
Underfull \hbox (badness 10000) in paragraph at lines 308--309

 []


Underfull \hbox (badness 10000) in paragraph at lines 310--311

 []


Underfull \hbox (badness 10000) in paragraph at lines 312--313

 []


Underfull \hbox (badness 10000) in paragraph at lines 314--315

 []


Underfull \hbox (badness 10000) in paragraph at lines 318--319

 []

[10 <./driving_images/car_obstruction_marsland.png> <./driving_images/car_obstr
uction_2.png>]
<driving_images/house_without_grid.png, id=71, 489.83pt x 276.03125pt>
File: driving_images/house_without_grid.png Graphic file (type png)
<use driving_images/house_without_grid.png>
Package pdftex.def Info: driving_images/house_without_grid.png  used on input l
ine 322.
(pdftex.def)             Requested size: 227.64894pt x 128.2858pt.
<driving_images/houses_with_grid.png, id=72, 489.83pt x 276.03125pt>
File: driving_images/houses_with_grid.png Graphic file (type png)
<use driving_images/houses_with_grid.png>
Package pdftex.def Info: driving_images/houses_with_grid.png  used on input lin
e 323.
(pdftex.def)             Requested size: 227.64894pt x 128.2858pt.

Underfull \hbox (badness 10000) in paragraph at lines 328--329

 []


Underfull \hbox (badness 10000) in paragraph at lines 330--331

 []

<driving_images/tracking_without_kalman.png, id=73, 534.99875pt x 511.9125pt>
File: driving_images/tracking_without_kalman.png Graphic file (type png)
<use driving_images/tracking_without_kalman.png>
Package pdftex.def Info: driving_images/tracking_without_kalman.png  used on in
put line 334.
(pdftex.def)             Requested size: 227.64894pt x 217.82942pt.
<driving_images/tracking_with_kalman.png, id=74, 534.99875pt x 511.9125pt>
File: driving_images/tracking_with_kalman.png Graphic file (type png)
<use driving_images/tracking_with_kalman.png>
Package pdftex.def Info: driving_images/tracking_with_kalman.png  used on input
 line 335.
(pdftex.def)             Requested size: 227.64894pt x 217.82942pt.
[11 <./driving_images/house_without_grid.png> <./driving_images/houses_with_gri
d.png>]
<driving_images/tracking_with_turn_dets.png, id=80, 722.7pt x 578.16pt>
File: driving_images/tracking_with_turn_dets.png Graphic file (type png)
<use driving_images/tracking_with_turn_dets.png>
Package pdftex.def Info: driving_images/tracking_with_turn_dets.png  used on in
put line 344.
(pdftex.def)             Requested size: 379.4175pt x 303.52972pt.
 [12 <./driving_images/tracking_without_kalman.png> <./driving_images/tracking_
with_kalman.png>]
Underfull \hbox (badness 10000) in paragraph at lines 350--351

 []


Underfull \hbox (badness 10000) in paragraph at lines 352--353

 []

<face_analysis_images/head_angles_graph.png, id=86, 570.13pt x 456.70625pt>
File: face_analysis_images/head_angles_graph.png Graphic file (type png)
<use face_analysis_images/head_angles_graph.png>
Package pdftex.def Info: face_analysis_images/head_angles_graph.png  used on in
put line 357.
(pdftex.def)             Requested size: 247.88887pt x 198.56804pt.
<face_analysis_images/pca_yaw_pitch_roll.png, id=87, 571.13374pt x 456.70625pt>

File: face_analysis_images/pca_yaw_pitch_roll.png Graphic file (type png)
<use face_analysis_images/pca_yaw_pitch_roll.png>
Package pdftex.def Info: face_analysis_images/pca_yaw_pitch_roll.png  used on i
nput line 358.
(pdftex.def)             Requested size: 247.88887pt x 198.2196pt.
[13 <./driving_images/tracking_with_turn_dets.png>]
<driving_images/left_mirror.png, id=93, 641.39626pt x 363.3575pt>
File: driving_images/left_mirror.png Graphic file (type png)
<use driving_images/left_mirror.png>
Package pdftex.def Info: driving_images/left_mirror.png  used on input line 365
.
(pdftex.def)             Requested size: 161.8885pt x 91.70961pt.
<driving_images/looking_forward.png, id=94, 641.39626pt x 363.3575pt>
File: driving_images/looking_forward.png Graphic file (type png)
<use driving_images/looking_forward.png>
Package pdftex.def Info: driving_images/looking_forward.png  used on input line
 366.
(pdftex.def)             Requested size: 161.8885pt x 91.70961pt.
<driving_images/right_mirror.png, id=95, 641.39626pt x 363.3575pt>
File: driving_images/right_mirror.png Graphic file (type png)
<use driving_images/right_mirror.png>
Package pdftex.def Info: driving_images/right_mirror.png  used on input line 36
7.
(pdftex.def)             Requested size: 161.8885pt x 91.70961pt.
<face_analysis_images/kmeans_clusters.png, id=96, 563.10374pt x 456.70625pt>
File: face_analysis_images/kmeans_clusters.png Graphic file (type png)
<use face_analysis_images/kmeans_clusters.png>
Package pdftex.def Info: face_analysis_images/kmeans_clusters.png  used on inpu
t line 376.
(pdftex.def)             Requested size: 247.88887pt x 201.04892pt.
<face_analysis_images/svm_classification.png, id=97, 691.58376pt x 549.05125pt>

File: face_analysis_images/svm_classification.png Graphic file (type png)
<use face_analysis_images/svm_classification.png>
Package pdftex.def Info: face_analysis_images/svm_classification.png  used on i
nput line 377.
(pdftex.def)             Requested size: 247.88887pt x 196.79538pt.
 [14 <./face_analysis_images/head_angles_graph.png> <./face_analysis_images/pca
_yaw_pitch_roll.png> <./driving_images/left_mirror.png> <./driving_images/looki
ng_forward.png> <./driving_images/right_mirror.png>]
Underfull \hbox (badness 10000) in paragraph at lines 385--386

 []

<driving_images/lanes+face.png, id=104, 1445.4pt x 813.0375pt>
File: driving_images/lanes+face.png Graphic file (type png)
<use driving_images/lanes+face.png>
Package pdftex.def Info: driving_images/lanes+face.png  used on input line 391.

(pdftex.def)             Requested size: 404.71353pt x 227.64894pt.
[15 <./face_analysis_images/kmeans_clusters.png> <./face_analysis_images/svm_cl
assification.png>]
Underfull \hbox (badness 10000) in paragraph at lines 401--402

 []

[16 <./driving_images/lanes+face.png (PNG copy)>]
Underfull \hbox (badness 10000) in paragraph at lines 467--468

 []


Underfull \hbox (badness 10000) in paragraph at lines 469--470

 []


Underfull \hbox (badness 10000) in paragraph at lines 471--472

 []


Underfull \hbox (badness 10000) in paragraph at lines 473--474

 []


Underfull \hbox (badness 10000) in paragraph at lines 476--477

 []

[17]
Underfull \hbox (badness 10000) in paragraph at lines 481--482

 []


Underfull \hbox (badness 10000) in paragraph at lines 483--484

 []

<website_images/analysis_submission.png, id=116, 1116.17pt x 1083.04625pt>
File: website_images/analysis_submission.png Graphic file (type png)
<use website_images/analysis_submission.png>
Package pdftex.def Info: website_images/analysis_submission.png  used on input 
line 487.
(pdftex.def)             Requested size: 404.71353pt x 392.70576pt.

Underfull \hbox (badness 10000) in paragraph at lines 492--493

 []


Underfull \hbox (badness 10000) in paragraph at lines 494--495

 []

[18 <./website_images/analysis_submission.png>]
Underfull \hbox (badness 10000) in paragraph at lines 496--497

 []


Underfull \hbox (badness 10000) in paragraph at lines 498--499

 []


Underfull \hbox (badness 10000) in paragraph at lines 500--501

 []

<website_images/audio_sync_screen.png, id=121, 804.75656pt x 680.5425pt>
File: website_images/audio_sync_screen.png Graphic file (type png)
<use website_images/audio_sync_screen.png>
Package pdftex.def Info: website_images/audio_sync_screen.png  used on input li
ne 504.
(pdftex.def)             Requested size: 404.71353pt x 342.24341pt.
[19]
Underfull \hbox (badness 10000) in paragraph at lines 510--511

 []

<website_images/web_display_1.png, id=126, 1375.1375pt x 1159.33125pt>
File: website_images/web_display_1.png Graphic file (type png)
<use website_images/web_display_1.png>
Package pdftex.def Info: website_images/web_display_1.png  used on input line 5
14.
(pdftex.def)             Requested size: 505.89pt x 426.48695pt.
[20 <./website_images/audio_sync_screen.png (PNG copy)>]
Underfull \hbox (badness 10000) in paragraph at lines 520--521

 []


Underfull \hbox (badness 10000) in paragraph at lines 522--523

 []


Underfull \hbox (badness 10000) in paragraph at lines 524--525

 []

[21 <./website_images/web_display_1.png>]
<website_images/clip_editor.png, id=134, 772.8875pt x 1192.455pt>
File: website_images/clip_editor.png Graphic file (type png)
<use website_images/clip_editor.png>
Package pdftex.def Info: website_images/clip_editor.png  used on input line 530
.
(pdftex.def)             Requested size: 247.88887pt x 382.44858pt.
<website_images/point_editor.png, id=135, 772.8875pt x 1250.6725pt>
File: website_images/point_editor.png Graphic file (type png)
<use website_images/point_editor.png>
Package pdftex.def Info: website_images/point_editor.png  used on input line 53
1.
(pdftex.def)             Requested size: 247.88887pt x 401.12032pt.

Underfull \hbox (badness 10000) in paragraph at lines 537--538

 []

[22 <./website_images/clip_editor.png> <./website_images/point_editor.png>]
Underfull \hbox (badness 10000) in paragraph at lines 539--540

 []


Underfull \hbox (badness 10000) in paragraph at lines 545--546

 []


Underfull \hbox (badness 10000) in paragraph at lines 548--549

 []


Underfull \hbox (badness 10000) in paragraph at lines 550--551

 []

[23]
Underfull \hbox (badness 10000) in paragraph at lines 582--583

 []


Underfull \hbox (badness 10000) in paragraph at lines 585--586

 []


Underfull \hbox (badness 10000) in paragraph at lines 588--589

 []


Underfull \hbox (badness 10000) in paragraph at lines 608--609

 []


Underfull \hbox (badness 10000) in paragraph at lines 611--612

 []

[24] [25]
Underfull \hbox (badness 10000) in paragraph at lines 623--624

 []


Underfull \hbox (badness 10000) in paragraph at lines 625--626

 []

<results_images/right_turn_misclass.png, id=152, 482.55281pt x 271.0125pt>
File: results_images/right_turn_misclass.png Graphic file (type png)
<use results_images/right_turn_misclass.png>
Package pdftex.def Info: results_images/right_turn_misclass.png  used on input 
line 629.
(pdftex.def)             Requested size: 247.88887pt x 139.21942pt.
<results_images/right_turn_misclass_vo.png, id=153, 722.7pt x 578.16pt>
File: results_images/right_turn_misclass_vo.png Graphic file (type png)
<use results_images/right_turn_misclass_vo.png>
Package pdftex.def Info: results_images/right_turn_misclass_vo.png  used on inp
ut line 630.
(pdftex.def)             Requested size: 247.88887pt x 198.30972pt.

Underfull \hbox (badness 10000) in paragraph at lines 635--636

 []

[26 <./results_images/right_turn_misclass.png (PNG copy)> <./results_images/rig
ht_turn_misclass_vo.png>]
Underfull \hbox (badness 10000) in paragraph at lines 657--658

 []


Underfull \hbox (badness 10000) in paragraph at lines 660--661

 []

[27] (./main.bbl
Underfull \hbox (badness 10000) in paragraph at lines 4--11
[]\OT1/cmr/m/n/10 Department for Trans-port.  Re-ported road ca-su-al-ties in g
reat britain, pro-
 []


Underfull \hbox (badness 10000) in paragraph at lines 4--11
\OT1/cmr/m/n/10 vi-sional es-ti-mates: 2024.  $\OT1/cmtt/m/n/10 https : / / www
 . gov . uk / government / statistics /
 []


Overfull \hbox (217.93735pt too wide) in paragraph at lines 4--11
\OT1/cmtt/m/n/10 reported-[]road-[]casualties-[]great-[]britain-[]provisional-[
]results-[]2024 / reported-[]road-[]casualties-[]in-[]great-[]britain-[]provisi
onal-[]estimates-[]2024$\OT1/cmr/m/n/10 ,
 []


Underfull \hbox (badness 2478) in paragraph at lines 20--24
[]\OT1/cmr/m/n/10 Driving In-struc-tors As-so-ci-a-tion.  Uk's top causes of ro
ad col-li-sions.  $\OT1/cmtt/m/n/10 https : / / www . driving . org /
 []


Underfull \hbox (badness 10000) in paragraph at lines 40--47
[]\OT1/cmr/m/n/10 Jaguar Land Rover.  Jaguar land rover un-veil new driver mon-
i-tor sys-tem that is
 []


Underfull \hbox (badness 10000) in paragraph at lines 40--47
\OT1/cmr/m/n/10 set to rev-o-lu-tionise road safety.  $\OT1/cmtt/m/n/10 https :
 / / media . landrover . com / en-[]gb / news / 2019 / 05 /
 []


Underfull \hbox (badness 10000) in paragraph at lines 40--47
\OT1/cmtt/m/n/10 jaguar-[]land-[]rover-[]unveil-[]new-[]driver-[]monitor-[]syst
em-[]set-[]revolutionise-[]road-[]safety$\OT1/cmr/m/n/10 , 2019.
 []

[28] [29]) [30] (./main.aux)
 ***********
LaTeX2e <2023-11-01> patch level 1
L3 programming layer <2024-01-22>
 ***********
 ) 
Here is how much of TeX's memory you used:
 17614 strings out of 474222
 352222 string characters out of 5748733
 2178975 words of memory out of 5000000
 39575 multiletter control sequences out of 15000+600000
 566996 words of font info for 68 fonts, out of 8000000 for 9000
 1141 hyphenation exceptions out of 8191
 84i,9n,93p,1552b,1385s stack positions out of 10000i,1000n,20000p,200000b,200000s
</usr/share/texlive/texmf-dist/fonts/type1/public/amsfonts/cm/cmbx10.pfb></us
r/share/texlive/texmf-dist/fonts/type1/public/amsfonts/cm/cmbx12.pfb></usr/shar
e/texlive/texmf-dist/fonts/type1/public/amsfonts/cm/cmbx7.pfb></usr/share/texli
ve/texmf-dist/fonts/type1/public/amsfonts/cm/cmbx9.pfb></usr/share/texlive/texm
f-dist/fonts/type1/public/amsfonts/cm/cmitt10.pfb></usr/share/texlive/texmf-dis
t/fonts/type1/public/amsfonts/cm/cmmi10.pfb></usr/share/texlive/texmf-dist/font
s/type1/public/amsfonts/cm/cmr10.pfb></usr/share/texlive/texmf-dist/fonts/type1
/public/amsfonts/cm/cmr12.pfb></usr/share/texlive/texmf-dist/fonts/type1/public
/amsfonts/cm/cmr17.pfb></usr/share/texlive/texmf-dist/fonts/type1/public/amsfon
ts/cm/cmr5.pfb></usr/share/texlive/texmf-dist/fonts/type1/public/amsfonts/cm/cm
r7.pfb></usr/share/texlive/texmf-dist/fonts/type1/public/amsfonts/cm/cmr8.pfb><
/usr/share/texlive/texmf-dist/fonts/type1/public/amsfonts/cm/cmr9.pfb></usr/sha
re/texlive/texmf-dist/fonts/type1/public/amsfonts/cm/cmss8.pfb></usr/share/texl
ive/texmf-dist/fonts/type1/public/amsfonts/cm/cmsy10.pfb></usr/share/texlive/te
xmf-dist/fonts/type1/public/amsfonts/cm/cmti10.pfb></usr/share/texlive/texmf-di
st/fonts/type1/public/amsfonts/cm/cmtt10.pfb></usr/share/texlive/texmf-dist/fon
ts/type1/public/amsfonts/cm/cmtt9.pfb></usr/share/texmf/fonts/type1/public/cm-s
uper/sfrm1000.pfb>
Output written on main.pdf (30 pages, 23496751 bytes).
PDF statistics:
 253 PDF objects out of 1000 (max. 8388607)
 129 compressed objects within 2 object streams
 0 named destinations out of 1000 (max. 500000)
 168 words of extra memory for PDF output out of 10000 (max. 10000000)

